<?xml version="1.0" encoding="UTF-8"?>
<!-- Generated by org.testng.reporters.JUnitReportReporter -->
<testsuite hostname="Manohar-Zade" failures="0" tests="6" name="Script_TestNG.GroupTestCase" time="0.039" errors="0" timestamp="2023-12-30T12:04:01 IST" skipped="0">
  <testcase classname="Script_TestNG.GroupTestCase" name="TestCase3" time="0.002"/>
  <system-out/>
  <testcase classname="Script_TestNG.GroupTestCase" name="TestCase1" time="0.020"/>
  <system-out/>
  <testcase classname="Script_TestNG.GroupTestCase" name="TestCase4" time="0.004"/>
  <system-out/>
  <testcase classname="Script_TestNG.GroupTestCase" name="TestCase7" time="0.003"/>
  <system-out/>
  <testcase classname="Script_TestNG.GroupTestCase" name="TestCase2" time="0.005"/>
  <system-out/>
  <testcase classname="Script_TestNG.GroupTestCase" name="TestCase5" time="0.005"/>
  <system-out/>
</testsuite> <!-- Script_TestNG.GroupTestCase -->
