<?xml version="1.0" encoding="UTF-8"?>
<!-- Generated by org.testng.reporters.JUnitReportReporter -->
<testsuite hostname="Manohar-Zade" failures="0" tests="1" name="Script_TestNG.TitleVerification" time="37.008" errors="0" timestamp="2023-12-29T20:49:30 IST" skipped="0">
  <testcase classname="Script_TestNG.TitleVerification" name="MyntraTestCase" time="37.008"/>
  <system-out/>
</testsuite> <!-- Script_TestNG.TitleVerification -->
