<?xml version="1.0" encoding="UTF-8"?>
<!-- Generated by org.testng.reporters.JUnitReportReporter -->
<testsuite hostname="Manohar-Zade" failures="0" tests="2" name="Script_TestNG.Amazon_TestCase" time="68.962" errors="0" timestamp="2023-12-29T20:49:30 IST" skipped="0">
  <testcase classname="Script_TestNG.Amazon_TestCase" name="MobilePhone" time="2.701"/>
  <system-out/>
  <testcase classname="Script_TestNG.Amazon_TestCase" name="Electronics" time="66.261"/>
  <system-out/>
</testsuite> <!-- Script_TestNG.Amazon_TestCase -->
