<?xml version="1.0" encoding="UTF-8"?>
<!-- Generated by org.testng.reporters.JUnitReportReporter -->
<testsuite hostname="Manohar-Zade" failures="0" tests="3" name="Script_TestNG.Annotations_Code" time="0.028" errors="0" timestamp="2023-12-29T20:49:30 IST" skipped="0">
  <testcase classname="Script_TestNG.Annotations_Code" name="Registration" time="0.008"/>
  <system-out/>
  <testcase classname="Script_TestNG.Annotations_Code" name="Login" time="0.008"/>
  <system-out/>
  <testcase classname="Script_TestNG.Annotations_Code" name="AddToCart" time="0.012"/>
  <system-out/>
</testsuite> <!-- Script_TestNG.Annotations_Code -->
