<?xml version="1.0" encoding="UTF-8"?>
<!-- Generated by org.testng.reporters.JUnitReportReporter -->
<testsuite hostname="Manohar-Zade" failures="0" tests="4" name="QAWingify.OTTPlay" time="253.415" errors="0" timestamp="2024-07-06T17:22:58 IST" skipped="0">
  <testcase classname="QAWingify.OTTPlay" name="LoginWithValidCredentials" time="79.111"/>
  <system-out/>
  <testcase classname="QAWingify.OTTPlay" name="LoginWithBlankUsername" time="46.877"/>
  <system-out/>
  <testcase classname="QAWingify.OTTPlay" name="LoginWithBlankPassowrd" time="78.237"/>
  <system-out/>
  <testcase classname="QAWingify.OTTPlay" name="LoginWithBlankCredentials" time="49.190"/>
  <system-out/>
</testsuite> <!-- QAWingify.OTTPlay -->
