<?xml version="1.0" encoding="UTF-8"?>
<!-- Generated by org.testng.reporters.JUnitReportReporter -->
<testsuite hostname="Manohar-Zade" failures="0" tests="3" name="Script_TestNG.Data_Provider" time="78.190" errors="0" timestamp="2023-12-29T23:35:54 IST" skipped="0">
  <testcase classname="Script_TestNG.Data_Provider" name="searchbox" time="24.556"/>
  <system-out/>
  <testcase classname="Script_TestNG.Data_Provider" name="searchbox" time="22.949"/>
  <system-out/>
  <testcase classname="Script_TestNG.Data_Provider" name="searchbox" time="30.685"/>
  <system-out/>
</testsuite> <!-- Script_TestNG.Data_Provider -->
